<?xml version="1.0" encoding="UTF-8"?>
<!-- Generated by org.testng.reporters.JUnitXMLReporter -->
<testsuite ignored="0" hostname="Dharshan_jm" failures="0" tests="3" name="Test-2" time="55.727" errors="0" timestamp="2024-08-08T15:31:24 IST">
  <testcase classname="Testng_package.CreateContactTest" name="OrgwithContacttest" time="16.901"/>
  <testcase classname="Testng_package.CreateContactTest" name="createTest" time="8.998"/>
  <testcase classname="Testng_package.CreateContactTest" name="createcontacttest" time="5.439"/>
</testsuite> <!-- Test-2 -->
