<?xml version="1.0" encoding="UTF-8"?>
<!-- Generated by org.testng.reporters.JUnitXMLReporter -->
<testsuite ignored="0" hostname="Dharshan_jm" failures="0" tests="2" name="Test-1" time="32.617" errors="0" timestamp="2024-08-08T15:31:00 IST">
  <testcase classname="Testng_package.CreateOrgTest" name="Org_1_test" time="7.69"/>
  <testcase classname="Testng_package.CreateOrgTest" name="org_2_test" time="7.348"/>
</testsuite> <!-- Test-1 -->
