<?xml version="1.0" encoding="UTF-8"?>
<!-- Generated by org.testng.reporters.JUnitReportReporter -->
<testsuite hostname="Dharshan_jm" failures="0" tests="1" name="com.comcast.crm.contacttest.Organization_ContactStartAndEndDataTest" time="25.438" errors="0" timestamp="2024-08-07T14:16:44 IST" skipped="0">
  <testcase classname="com.comcast.crm.contacttest.Organization_ContactStartAndEndDataTest" name="createTest" time="25.438"/>
</testsuite> <!-- com.comcast.crm.contacttest.Organization_ContactStartAndEndDataTest -->
