<?xml version="1.0" encoding="UTF-8"?>
<!-- Generated by org.testng.reporters.JUnitReportReporter -->
<testsuite hostname="Dharshan_jm" failures="0" tests="1" name="ExtentReporter.ExtentReportCode" time="4.301" errors="0" timestamp="2024-08-19T22:28:50 IST" skipped="0">
  <testcase classname="ExtentReporter.ExtentReportCode" name="demotest" time="4.301"/>
</testsuite> <!-- ExtentReporter.ExtentReportCode -->
