<?xml version="1.0" encoding="UTF-8"?>
<!-- Generated by org.testng.reporters.JUnitReportReporter -->
<testsuite hostname="Dharshan_jm" failures="0" tests="1" name="Testng_package.CreateOrg" time="15.837" errors="0" timestamp="2024-08-07T15:08:02 IST" skipped="0">
  <testcase classname="Testng_package.CreateOrg" name="Orgtest" time="15.837"/>
</testsuite> <!-- Testng_package.CreateOrg -->
