<?xml version="1.0" encoding="UTF-8"?>
<!-- Generated by org.testng.reporters.JUnitReportReporter -->
<testsuite hostname="Dharshan_jm" failures="0" tests="1" name="ScreehshotTest.DemoScreenshotTest" time="2.625" errors="0" timestamp="2024-08-12T16:07:27 IST" skipped="0">
  <testcase classname="ScreehshotTest.DemoScreenshotTest" name="demotest" time="2.625"/>
</testsuite> <!-- ScreehshotTest.DemoScreenshotTest -->
