<?xml version="1.0" encoding="UTF-8"?>
<!-- Generated by org.testng.reporters.JUnitReportReporter -->
<testsuite hostname="Dharshan_jm" failures="0" tests="1" name="ExtentReporter.SampleProject" time="8.970" errors="0" timestamp="2024-08-19T14:37:36 IST" skipped="0">
  <testcase classname="ExtentReporter.SampleProject" name="createContactTest" time="8.970"/>
</testsuite> <!-- ExtentReporter.SampleProject -->
