<?xml version="1.0" encoding="UTF-8"?>
<!-- Generated by org.testng.reporters.JUnitReportReporter -->
<testsuite hostname="Dharshan_jm" failures="0" tests="3" name="Testng_package.CreateContactTest" time="48.510" errors="0" timestamp="2024-08-19T16:51:03 IST" skipped="0">
  <testcase classname="Testng_package.CreateContactTest" name="createTest" time="15.607"/>
  <testcase classname="Testng_package.CreateContactTest" name="createcontacttest" time="12.343"/>
  <testcase classname="Testng_package.CreateContactTest" name="OrgwithContacttest" time="20.560"/>
</testsuite> <!-- Testng_package.CreateContactTest -->
