<?xml version="1.0" encoding="UTF-8"?>
<!-- Generated by org.testng.reporters.JUnitReportReporter -->
<testsuite hostname="Dharshan_jm" failures="0" tests="3" name="Testng_package.CreateContact" time="80.503" errors="0" timestamp="2024-08-08T10:32:43 IST" skipped="0">
  <testcase classname="Testng_package.CreateContact" name="createTest" time="25.139"/>
  <testcase classname="Testng_package.CreateContact" name="OrgwithContacttest" time="34.470"/>
  <testcase classname="Testng_package.CreateContact" name="createcontacttest" time="20.894"/>
</testsuite> <!-- Testng_package.CreateContact -->
