<?xml version="1.0" encoding="UTF-8"?>
<!-- Generated by org.testng.reporters.JUnitReportReporter -->
<testsuite hostname="Dharshan_jm" failures="0" tests="4" name="Testng_package.CreateOrgTest" time="99.473" errors="0" timestamp="2024-08-12T14:16:23 IST" skipped="0">
  <testcase classname="Testng_package.CreateOrgTest" name="Org_1_test" time="34.881"/>
  <testcase classname="Testng_package.CreateOrgTest" name="Org_1_test" time="34.280"/>
  <testcase classname="Testng_package.CreateOrgTest" name="org_2_test" time="15.532"/>
  <testcase classname="Testng_package.CreateOrgTest" name="org_2_test" time="14.780"/>
</testsuite> <!-- Testng_package.CreateOrgTest -->
